<?xml version="1.0" encoding="UTF-8"?>
<coverage generated="1550011362222" clover="3.2.0">
  <project timestamp="1550011362222" name="All files">
    <metrics statements="136" coveredstatements="78" conditionals="118" coveredconditionals="56" methods="37" coveredmethods="26" elements="291" coveredelements="160" complexity="0" loc="136" ncloc="136" packages="11" files="21" classes="21">
      <package name="src">
        <metrics statements="26" coveredstatements="18" conditionals="9" coveredconditionals="2" methods="3" coveredmethods="2"/>
        <file name="defaults.js" path="/Users/nickm5/Sites/react-image-and-background-image-fade/src/defaults.js">
          <metrics statements="1" coveredstatements="1" conditionals="0" coveredconditionals="0" methods="0" coveredmethods="0"/>
          <line num="1" count="3" type="stmt"/>
        </file>
        <file name="index.js" path="/Users/nickm5/Sites/react-image-and-background-image-fade/src/index.js">
          <metrics statements="4" coveredstatements="0" conditionals="4" coveredconditionals="0" methods="1" coveredmethods="0"/>
          <line num="1" count="0" type="stmt"/>
          <line num="2" count="0" type="stmt"/>
          <line num="3" count="0" type="cond" truecount="0" falsecount="4"/>
          <line num="5" count="0" type="stmt"/>
        </file>
        <file name="keyframes.js" path="/Users/nickm5/Sites/react-image-and-background-image-fade/src/keyframes.js">
          <metrics statements="2" coveredstatements="2" conditionals="0" coveredconditionals="0" methods="0" coveredmethods="0"/>
          <line num="3" count="2" type="stmt"/>
          <line num="13" count="2" type="stmt"/>
        </file>
        <file name="setupTests.js" path="/Users/nickm5/Sites/react-image-and-background-image-fade/src/setupTests.js">
          <metrics statements="1" coveredstatements="1" conditionals="0" coveredconditionals="0" methods="0" coveredmethods="0"/>
          <line num="4" count="3" type="stmt"/>
        </file>
        <file name="util.js" path="/Users/nickm5/Sites/react-image-and-background-image-fade/src/util.js">
          <metrics statements="18" coveredstatements="14" conditionals="5" coveredconditionals="2" methods="2" coveredmethods="2"/>
          <line num="1" count="3" type="stmt"/>
          <line num="2" count="21" type="stmt"/>
          <line num="3" count="21" type="stmt"/>
          <line num="6" count="21" type="cond" truecount="1" falsecount="1"/>
          <line num="7" count="21" type="stmt"/>
          <line num="10" count="21" type="cond" truecount="1" falsecount="2"/>
          <line num="12" count="21" type="stmt"/>
          <line num="13" count="21" type="stmt"/>
          <line num="15" count="0" type="stmt"/>
          <line num="16" count="0" type="stmt"/>
          <line num="18" count="0" type="stmt"/>
          <line num="19" count="0" type="stmt"/>
          <line num="22" count="21" type="stmt"/>
          <line num="25" count="3" type="stmt"/>
          <line num="26" count="2" type="stmt"/>
          <line num="27" count="2" type="stmt"/>
          <line num="28" count="2" type="stmt"/>
          <line num="29" count="2" type="stmt"/>
        </file>
      </package>
      <package name="src.components.BackgroundImage">
        <metrics statements="40" coveredstatements="0" conditionals="36" coveredconditionals="0" methods="5" coveredmethods="0"/>
        <file name="BackgroundImage.js" path="/Users/nickm5/Sites/react-image-and-background-image-fade/src/components/BackgroundImage/BackgroundImage.js">
          <metrics statements="39" coveredstatements="0" conditionals="32" coveredconditionals="0" methods="4" coveredmethods="0"/>
          <line num="1" count="0" type="stmt"/>
          <line num="2" count="0" type="stmt"/>
          <line num="3" count="0" type="stmt"/>
          <line num="4" count="0" type="stmt"/>
          <line num="5" count="0" type="stmt"/>
          <line num="6" count="0" type="stmt"/>
          <line num="7" count="0" type="cond" truecount="0" falsecount="8"/>
          <line num="9" count="0" type="stmt"/>
          <line num="10" count="0" type="stmt"/>
          <line num="11" count="0" type="stmt"/>
          <line num="12" count="0" type="stmt"/>
          <line num="13" count="0" type="stmt"/>
          <line num="14" count="0" type="stmt"/>
          <line num="15" count="0" type="stmt"/>
          <line num="16" count="0" type="stmt"/>
          <line num="17" count="0" type="stmt"/>
          <line num="18" count="0" type="stmt"/>
          <line num="19" count="0" type="stmt"/>
          <line num="20" count="0" type="stmt"/>
          <line num="21" count="0" type="stmt"/>
          <line num="22" count="0" type="stmt"/>
          <line num="26" count="0" type="stmt"/>
          <line num="29" count="0" type="cond" truecount="0" falsecount="2"/>
          <line num="34" count="0" type="stmt"/>
          <line num="38" count="0" type="stmt"/>
          <line num="39" count="0" type="cond" truecount="0" falsecount="2"/>
          <line num="40" count="0" type="stmt"/>
          <line num="46" count="0" type="cond" truecount="0" falsecount="2"/>
          <line num="47" count="0" type="cond" truecount="0" falsecount="2"/>
          <line num="48" count="0" type="cond" truecount="0" falsecount="2"/>
          <line num="49" count="0" type="cond" truecount="0" falsecount="2"/>
          <line num="50" count="0" type="stmt"/>
          <line num="53" count="0" type="cond" truecount="0" falsecount="2"/>
          <line num="54" count="0" type="stmt"/>
          <line num="61" count="0" type="stmt"/>
          <line num="84" count="0" type="stmt"/>
          <line num="88" count="0" type="stmt"/>
          <line num="107" count="0" type="stmt"/>
          <line num="109" count="0" type="stmt"/>
        </file>
        <file name="index.js" path="/Users/nickm5/Sites/react-image-and-background-image-fade/src/components/BackgroundImage/index.js">
          <metrics statements="1" coveredstatements="0" conditionals="4" coveredconditionals="0" methods="1" coveredmethods="0"/>
          <line num="1" count="0" type="cond" truecount="0" falsecount="4"/>
        </file>
      </package>
      <package name="src.components.BackgroundImage.elements">
        <metrics statements="6" coveredstatements="0" conditionals="12" coveredconditionals="0" methods="4" coveredmethods="0"/>
        <file name="Wrapper.js" path="/Users/nickm5/Sites/react-image-and-background-image-fade/src/components/BackgroundImage/elements/Wrapper.js">
          <metrics statements="6" coveredstatements="0" conditionals="12" coveredconditionals="0" methods="4" coveredmethods="0"/>
          <line num="1" count="0" type="cond" truecount="0" falsecount="4"/>
          <line num="3" count="0" type="stmt"/>
          <line num="4" count="0" type="cond" truecount="0" falsecount="3"/>
          <line num="6" count="0" type="cond" truecount="0" falsecount="3"/>
          <line num="8" count="0" type="cond" truecount="0" falsecount="2"/>
          <line num="15" count="0" type="stmt"/>
        </file>
      </package>
      <package name="src.components.Backgroundimage">
        <metrics statements="18" coveredstatements="18" conditionals="24" coveredconditionals="23" methods="2" coveredmethods="2"/>
        <file name="BackgroundImage.js" path="/Users/nickm5/Sites/react-image-and-background-image-fade/src/components/Backgroundimage/BackgroundImage.js">
          <metrics statements="18" coveredstatements="18" conditionals="24" coveredconditionals="23" methods="2" coveredmethods="2"/>
          <line num="9" count="2" type="stmt"/>
          <line num="24" count="9" type="stmt"/>
          <line num="26" count="19" type="stmt"/>
          <line num="29" count="19" type="cond" truecount="2" falsecount="0"/>
          <line num="34" count="4" type="stmt"/>
          <line num="38" count="4" type="stmt"/>
          <line num="39" count="4" type="cond" truecount="2" falsecount="0"/>
          <line num="40" count="4" type="stmt"/>
          <line num="46" count="15" type="cond" truecount="1" falsecount="1"/>
          <line num="47" count="15" type="cond" truecount="2" falsecount="0"/>
          <line num="48" count="15" type="cond" truecount="2" falsecount="0"/>
          <line num="49" count="15" type="cond" truecount="2" falsecount="0"/>
          <line num="50" count="2" type="stmt"/>
          <line num="53" count="15" type="cond" truecount="2" falsecount="0"/>
          <line num="54" count="15" type="stmt"/>
          <line num="61" count="19" type="stmt"/>
          <line num="88" count="2" type="stmt"/>
          <line num="107" count="2" type="stmt"/>
        </file>
        <file name="index.js" path="/Users/nickm5/Sites/react-image-and-background-image-fade/src/components/Backgroundimage/index.js">
          <metrics statements="0" coveredstatements="0" conditionals="0" coveredconditionals="0" methods="0" coveredmethods="0"/>
        </file>
      </package>
      <package name="src.components.Backgroundimage.elements">
        <metrics statements="4" coveredstatements="4" conditionals="8" coveredconditionals="8" methods="3" coveredmethods="3"/>
        <file name="Wrapper.js" path="/Users/nickm5/Sites/react-image-and-background-image-fade/src/components/Backgroundimage/elements/Wrapper.js">
          <metrics statements="4" coveredstatements="4" conditionals="8" coveredconditionals="8" methods="3" coveredmethods="3"/>
          <line num="3" count="2" type="stmt"/>
          <line num="4" count="19" type="cond" truecount="3" falsecount="0"/>
          <line num="6" count="19" type="cond" truecount="3" falsecount="0"/>
          <line num="8" count="19" type="cond" truecount="2" falsecount="0"/>
        </file>
      </package>
      <package name="src.components.Image">
        <metrics statements="5" coveredstatements="5" conditionals="9" coveredconditionals="8" methods="2" coveredmethods="2"/>
        <file name="Image.js" path="/Users/nickm5/Sites/react-image-and-background-image-fade/src/components/Image/Image.js">
          <metrics statements="5" coveredstatements="5" conditionals="9" coveredconditionals="8" methods="2" coveredmethods="2"/>
          <line num="10" count="1" type="stmt"/>
          <line num="27" count="5" type="cond" truecount="1" falsecount="1"/>
          <line num="43" count="11" type="stmt"/>
          <line num="63" count="1" type="stmt"/>
          <line num="75" count="1" type="stmt"/>
        </file>
        <file name="index.js" path="/Users/nickm5/Sites/react-image-and-background-image-fade/src/components/Image/index.js">
          <metrics statements="0" coveredstatements="0" conditionals="0" coveredconditionals="0" methods="0" coveredmethods="0"/>
        </file>
      </package>
      <package name="src.components.Image.elements">
        <metrics statements="5" coveredstatements="5" conditionals="4" coveredconditionals="4" methods="3" coveredmethods="3"/>
        <file name="Img.js" path="/Users/nickm5/Sites/react-image-and-background-image-fade/src/components/Image/elements/Img.js">
          <metrics statements="2" coveredstatements="2" conditionals="0" coveredconditionals="0" methods="1" coveredmethods="1"/>
          <line num="4" count="1" type="stmt"/>
          <line num="7" count="6" type="stmt"/>
        </file>
        <file name="Wrapper.js" path="/Users/nickm5/Sites/react-image-and-background-image-fade/src/components/Image/elements/Wrapper.js">
          <metrics statements="3" coveredstatements="3" conditionals="4" coveredconditionals="4" methods="2" coveredmethods="2"/>
          <line num="3" count="1" type="stmt"/>
          <line num="4" count="11" type="cond" truecount="2" falsecount="0"/>
          <line num="5" count="11" type="cond" truecount="2" falsecount="0"/>
        </file>
      </package>
      <package name="src.components.ImageLoader">
        <metrics statements="22" coveredstatements="18" conditionals="10" coveredconditionals="5" methods="9" coveredmethods="8"/>
        <file name="ImageLoader.js" path="/Users/nickm5/Sites/react-image-and-background-image-fade/src/components/ImageLoader/ImageLoader.js">
          <metrics statements="22" coveredstatements="18" conditionals="10" coveredconditionals="5" methods="9" coveredmethods="8"/>
          <line num="28" count="21" type="cond" truecount="1" falsecount="1"/>
          <line num="29" count="21" type="stmt"/>
          <line num="34" count="26" type="cond" truecount="2" falsecount="0"/>
          <line num="35" count="1" type="cond" truecount="1" falsecount="1"/>
          <line num="36" count="1" type="stmt"/>
          <line num="38" count="0" type="stmt"/>
          <line num="44" count="47" type="stmt"/>
          <line num="50" count="47" type="stmt"/>
          <line num="57" count="47" type="stmt"/>
          <line num="67" count="47" type="cond" truecount="1" falsecount="1"/>
          <line num="81" count="22" type="stmt"/>
          <line num="82" count="22" type="stmt"/>
          <line num="97" count="21" type="stmt"/>
          <line num="98" count="21" type="stmt"/>
          <line num="99" count="21" type="stmt"/>
          <line num="100" count="21" type="stmt"/>
          <line num="101" count="3" type="stmt"/>
          <line num="109" count="1" type="stmt"/>
          <line num="113" count="0" type="cond" truecount="0" falsecount="2"/>
          <line num="114" count="0" type="stmt"/>
          <line num="115" count="0" type="stmt"/>
          <line num="119" count="3" type="stmt"/>
        </file>
        <file name="index.js" path="/Users/nickm5/Sites/react-image-and-background-image-fade/src/components/ImageLoader/index.js">
          <metrics statements="0" coveredstatements="0" conditionals="0" coveredconditionals="0" methods="0" coveredmethods="0"/>
        </file>
      </package>
      <package name="src.components.Loader">
        <metrics statements="4" coveredstatements="4" conditionals="0" coveredconditionals="0" methods="1" coveredmethods="1"/>
        <file name="Loader.js" path="/Users/nickm5/Sites/react-image-and-background-image-fade/src/components/Loader/Loader.js">
          <metrics statements="4" coveredstatements="4" conditionals="0" coveredconditionals="0" methods="1" coveredmethods="1"/>
          <line num="6" count="2" type="stmt"/>
          <line num="7" count="6" type="stmt"/>
          <line num="14" count="2" type="stmt"/>
          <line num="20" count="2" type="stmt"/>
        </file>
        <file name="index.js" path="/Users/nickm5/Sites/react-image-and-background-image-fade/src/components/Loader/index.js">
          <metrics statements="0" coveredstatements="0" conditionals="0" coveredconditionals="0" methods="0" coveredmethods="0"/>
        </file>
      </package>
      <package name="src.components.Loader.elements">
        <metrics statements="4" coveredstatements="4" conditionals="6" coveredconditionals="6" methods="3" coveredmethods="3"/>
        <file name="Wrapper.js" path="/Users/nickm5/Sites/react-image-and-background-image-fade/src/components/Loader/elements/Wrapper.js">
          <metrics statements="4" coveredstatements="4" conditionals="6" coveredconditionals="6" methods="3" coveredmethods="3"/>
          <line num="4" count="2" type="stmt"/>
          <line num="11" count="6" type="cond" truecount="2" falsecount="0"/>
          <line num="12" count="6" type="cond" truecount="4" falsecount="0"/>
          <line num="13" count="6" type="stmt"/>
        </file>
      </package>
      <package name="src.tests.util">
        <metrics statements="2" coveredstatements="2" conditionals="0" coveredconditionals="0" methods="2" coveredmethods="2"/>
        <file name="index.js" path="/Users/nickm5/Sites/react-image-and-background-image-fade/src/tests/util/index.js">
          <metrics statements="2" coveredstatements="2" conditionals="0" coveredconditionals="0" methods="2" coveredmethods="2"/>
          <line num="1" count="3" type="stmt"/>
          <line num="2" count="11" type="stmt"/>
        </file>
      </package>
    </metrics>
  </project>
</coverage>
