{"/Users/nickm5/Sites/react-image-and-background-image-fade/src/defaults.js": {"path":"/Users/nickm5/Sites/react-image-and-background-image-fade/src/defaults.js","statementMap":{"0":{"start":{"line":1,"column":24},"end":{"line":3,"column":1}}},"fnMap":{},"branchMap":{},"s":{"0":3},"f":{},"b":{},"_coverageSchema":"332fd63041d2c1bcb487cc26dd0d5f7d97098a6c","hash":"e12648a8d2d74579b97bc425195e7a6eca9e459b"}
,"/Users/nickm5/Sites/react-image-and-background-image-fade/src/index.js": {"path":"/Users/nickm5/Sites/react-image-and-background-image-fade/src/index.js","statementMap":{"0":{"start":{"line":1,"column":13},"end":{"line":1,"column":75}},"1":{"start":{"line":1,"column":75},"end":{"line":1,"column":149}},"2":{"start":{"line":1,"column":162},"end":{"line":1,"column":191}},"3":{"start":{"line":1,"column":206},"end":{"line":1,"column":236}},"4":{"start":{"line":2,"column":23},"end":{"line":2,"column":62}},"5":{"start":{"line":2,"column":87},"end":{"line":2,"column":127}},"6":{"start":{"line":3,"column":19},"end":{"line":3,"column":54}},"7":{"start":{"line":3,"column":75},"end":{"line":3,"column":111}},"8":{"start":{"line":3,"column":150},"end":{"line":3,"column":204}},"9":{"start":{"line":3,"column":205},"end":{"line":5,"column":24}},"10":{"start":{"line":5,"column":24},"end":{"line":5,"column":76}},"11":{"start":{"line":5,"column":76},"end":{"line":5,"column":120}}},"fnMap":{"0":{"name":"_interopRequireDefault","decl":{"start":{"line":3,"column":121},"end":{"line":3,"column":143}},"loc":{"start":{"line":3,"column":149},"end":{"line":3,"column":205}},"line":3}},"branchMap":{"0":{"loc":{"start":{"line":3,"column":157},"end":{"line":3,"column":203}},"type":"cond-expr","locations":[{"start":{"line":3,"column":181},"end":{"line":3,"column":184}},{"start":{"line":3,"column":187},"end":{"line":3,"column":203}}],"line":3},"1":{"loc":{"start":{"line":3,"column":157},"end":{"line":3,"column":178}},"type":"binary-expr","locations":[{"start":{"line":3,"column":157},"end":{"line":3,"column":160}},{"start":{"line":3,"column":164},"end":{"line":3,"column":178}}],"line":3}},"s":{"0":0,"1":0,"2":0,"3":0,"4":0,"5":0,"6":0,"7":0,"8":0,"9":0,"10":0,"11":0},"f":{"0":0},"b":{"0":[0,0],"1":[0,0]}}
,"/Users/nickm5/Sites/react-image-and-background-image-fade/src/keyframes.js": {"path":"/Users/nickm5/Sites/react-image-and-background-image-fade/src/keyframes.js","statementMap":{"0":{"start":{"line":3,"column":22},"end":{"line":11,"column":1}},"1":{"start":{"line":13,"column":21},"end":{"line":21,"column":1}}},"fnMap":{},"branchMap":{},"s":{"0":2,"1":2},"f":{},"b":{},"_coverageSchema":"332fd63041d2c1bcb487cc26dd0d5f7d97098a6c","hash":"289379e36913bc52488f18afe142c6d2449974c9"}
,"/Users/nickm5/Sites/react-image-and-background-image-fade/src/setupTests.js": {"path":"/Users/nickm5/Sites/react-image-and-background-image-fade/src/setupTests.js","statementMap":{"0":{"start":{"line":4,"column":0},"end":{"line":4,"column":38}}},"fnMap":{},"branchMap":{},"s":{"0":3},"f":{},"b":{},"_coverageSchema":"332fd63041d2c1bcb487cc26dd0d5f7d97098a6c","hash":"bde404a054a63ce306072875dafe82155bf181b1"}
,"/Users/nickm5/Sites/react-image-and-background-image-fade/src/util.js": {"path":"/Users/nickm5/Sites/react-image-and-background-image-fade/src/util.js","statementMap":{"0":{"start":{"line":1,"column":27},"end":{"line":23,"column":1}},"1":{"start":{"line":2,"column":14},"end":{"line":2,"column":37}},"2":{"start":{"line":3,"column":13},"end":{"line":3,"column":33}},"3":{"start":{"line":6,"column":2},"end":{"line":8,"column":3}},"4":{"start":{"line":7,"column":4},"end":{"line":7,"column":19}},"5":{"start":{"line":10,"column":2},"end":{"line":20,"column":3}},"6":{"start":{"line":12,"column":6},"end":{"line":12,"column":32}},"7":{"start":{"line":13,"column":6},"end":{"line":13,"column":12}},"8":{"start":{"line":15,"column":6},"end":{"line":15,"column":25}},"9":{"start":{"line":16,"column":6},"end":{"line":16,"column":12}},"10":{"start":{"line":18,"column":6},"end":{"line":18,"column":23}},"11":{"start":{"line":19,"column":6},"end":{"line":19,"column":12}},"12":{"start":{"line":22,"column":2},"end":{"line":22,"column":22}},"13":{"start":{"line":25,"column":40},"end":{"line":30,"column":1}},"14":{"start":{"line":26,"column":22},"end":{"line":26,"column":41}},"15":{"start":{"line":27,"column":23},"end":{"line":27,"column":43}},"16":{"start":{"line":28,"column":16},"end":{"line":28,"column":50}},"17":{"start":{"line":29,"column":2},"end":{"line":29,"column":21}}},"fnMap":{"0":{"name":"(anonymous_0)","decl":{"start":{"line":1,"column":27},"end":{"line":1,"column":28}},"loc":{"start":{"line":1,"column":38},"end":{"line":23,"column":1}},"line":1},"1":{"name":"(anonymous_1)","decl":{"start":{"line":25,"column":40},"end":{"line":25,"column":41}},"loc":{"start":{"line":25,"column":59},"end":{"line":30,"column":1}},"line":25}},"branchMap":{"0":{"loc":{"start":{"line":6,"column":2},"end":{"line":8,"column":3}},"type":"if","locations":[{"start":{"line":6,"column":2},"end":{"line":8,"column":3}},{"start":{"line":6,"column":2},"end":{"line":8,"column":3}}],"line":6},"1":{"loc":{"start":{"line":10,"column":2},"end":{"line":20,"column":3}},"type":"switch","locations":[{"start":{"line":11,"column":4},"end":{"line":13,"column":12}},{"start":{"line":14,"column":4},"end":{"line":16,"column":12}},{"start":{"line":17,"column":4},"end":{"line":19,"column":12}}],"line":10}},"s":{"0":3,"1":21,"2":21,"3":21,"4":21,"5":21,"6":21,"7":21,"8":0,"9":0,"10":0,"11":0,"12":21,"13":3,"14":2,"15":2,"16":2,"17":2},"f":{"0":21,"1":2},"b":{"0":[21,0],"1":[21,0,0]},"_coverageSchema":"332fd63041d2c1bcb487cc26dd0d5f7d97098a6c","hash":"a251404cdbf97b244e06625a5515158120e17be5"}
,"/Users/nickm5/Sites/react-image-and-background-image-fade/src/components/BackgroundImage/BackgroundImage.js": {"path":"/Users/nickm5/Sites/react-image-and-background-image-fade/src/components/BackgroundImage/BackgroundImage.js","statementMap":{"0":{"start":{"line":1,"column":13},"end":{"line":1,"column":75}},"1":{"start":{"line":1,"column":75},"end":{"line":1,"column":111}},"2":{"start":{"line":1,"column":130},"end":{"line":1,"column":239}},"3":{"start":{"line":1,"column":253},"end":{"line":1,"column":269}},"4":{"start":{"line":1,"column":284},"end":{"line":1,"column":314}},"5":{"start":{"line":2,"column":14},"end":{"line":2,"column":34}},"6":{"start":{"line":2,"column":50},"end":{"line":2,"column":81}},"7":{"start":{"line":3,"column":19},"end":{"line":3,"column":44}},"8":{"start":{"line":3,"column":65},"end":{"line":3,"column":101}},"9":{"start":{"line":4,"column":15},"end":{"line":4,"column":44}},"10":{"start":{"line":5,"column":17},"end":{"line":5,"column":38}},"11":{"start":{"line":5,"column":57},"end":{"line":5,"column":91}},"12":{"start":{"line":6,"column":16},"end":{"line":6,"column":41}},"13":{"start":{"line":6,"column":59},"end":{"line":6,"column":92}},"14":{"start":{"line":7,"column":12},"end":{"line":7,"column":33}},"15":{"start":{"line":7,"column":72},"end":{"line":7,"column":126}},"16":{"start":{"line":7,"column":186},"end":{"line":7,"column":188}},"17":{"start":{"line":7,"column":189},"end":{"line":7,"column":324}},"18":{"start":{"line":7,"column":209},"end":{"line":7,"column":244}},"19":{"start":{"line":7,"column":235},"end":{"line":7,"column":244}},"20":{"start":{"line":7,"column":244},"end":{"line":7,"column":304}},"21":{"start":{"line":7,"column":295},"end":{"line":7,"column":304}},"22":{"start":{"line":7,"column":304},"end":{"line":7,"column":323}},"23":{"start":{"line":7,"column":324},"end":{"line":7,"column":338}},"24":{"start":{"line":9,"column":24},"end":{"line":84,"column":11}},"25":{"start":{"line":10,"column":8},"end":{"line":10,"column":16}},"26":{"start":{"line":11,"column":10},"end":{"line":11,"column":20}},"27":{"start":{"line":12,"column":11},"end":{"line":12,"column":22}},"28":{"start":{"line":13,"column":19},"end":{"line":13,"column":38}},"29":{"start":{"line":14,"column":17},"end":{"line":14,"column":34}},"30":{"start":{"line":15,"column":18},"end":{"line":15,"column":36}},"31":{"start":{"line":16,"column":13},"end":{"line":16,"column":26}},"32":{"start":{"line":17,"column":13},"end":{"line":17,"column":26}},"33":{"start":{"line":18,"column":12},"end":{"line":18,"column":24}},"34":{"start":{"line":19,"column":13},"end":{"line":19,"column":26}},"35":{"start":{"line":20,"column":21},"end":{"line":20,"column":42}},"36":{"start":{"line":21,"column":17},"end":{"line":21,"column":34}},"37":{"start":{"line":22,"column":10},"end":{"line":22,"column":202}},"38":{"start":{"line":22,"column":203},"end":{"line":84,"column":10}},"39":{"start":{"line":26,"column":37},"end":{"line":26,"column":73}},"40":{"start":{"line":29,"column":8},"end":{"line":59,"column":9}},"41":{"start":{"line":34,"column":10},"end":{"line":37,"column":13}},"42":{"start":{"line":38,"column":10},"end":{"line":38,"column":38}},"43":{"start":{"line":39,"column":10},"end":{"line":39,"column":85}},"44":{"start":{"line":40,"column":10},"end":{"line":40,"column":75}},"45":{"start":{"line":46,"column":10},"end":{"line":46,"column":68}},"46":{"start":{"line":47,"column":10},"end":{"line":47,"column":55}},"47":{"start":{"line":48,"column":10},"end":{"line":48,"column":57}},"48":{"start":{"line":49,"column":10},"end":{"line":51,"column":11}},"49":{"start":{"line":50,"column":12},"end":{"line":50,"column":82}},"50":{"start":{"line":53,"column":10},"end":{"line":53,"column":85}},"51":{"start":{"line":54,"column":10},"end":{"line":57,"column":20}},"52":{"start":{"line":61,"column":8},"end":{"line":77,"column":126}},"53":{"start":{"line":84,"column":12},"end":{"line":84,"column":54}},"54":{"start":{"line":88,"column":0},"end":{"line":104,"column":43}},"55":{"start":{"line":107,"column":0},"end":{"line":109,"column":19}},"56":{"start":{"line":109,"column":19},"end":{"line":112,"column":16}}},"fnMap":{"0":{"name":"_interopRequireDefault","decl":{"start":{"line":7,"column":43},"end":{"line":7,"column":65}},"loc":{"start":{"line":7,"column":71},"end":{"line":7,"column":127}},"line":7},"1":{"name":"_objectWithoutProperties","decl":{"start":{"line":7,"column":136},"end":{"line":7,"column":160}},"loc":{"start":{"line":7,"column":172},"end":{"line":7,"column":339}},"line":7},"2":{"name":"(anonymous_2)","decl":{"start":{"line":9,"column":24},"end":{"line":9,"column":25}},"loc":{"start":{"line":9,"column":34},"end":{"line":84,"column":11}},"line":9},"3":{"name":"(anonymous_3)","decl":{"start":{"line":25,"column":6},"end":{"line":25,"column":7}},"loc":{"start":{"line":25,"column":59},"end":{"line":84,"column":7}},"line":25}},"branchMap":{"0":{"loc":{"start":{"line":7,"column":79},"end":{"line":7,"column":125}},"type":"cond-expr","locations":[{"start":{"line":7,"column":103},"end":{"line":7,"column":106}},{"start":{"line":7,"column":109},"end":{"line":7,"column":125}}],"line":7},"1":{"loc":{"start":{"line":7,"column":79},"end":{"line":7,"column":100}},"type":"binary-expr","locations":[{"start":{"line":7,"column":79},"end":{"line":7,"column":82}},{"start":{"line":7,"column":86},"end":{"line":7,"column":100}}],"line":7},"2":{"loc":{"start":{"line":7,"column":209},"end":{"line":7,"column":244}},"type":"if","locations":[{"start":{"line":7,"column":209},"end":{"line":7,"column":244}},{"start":{"line":7,"column":209},"end":{"line":7,"column":244}}],"line":7},"3":{"loc":{"start":{"line":7,"column":244},"end":{"line":7,"column":304}},"type":"if","locations":[{"start":{"line":7,"column":244},"end":{"line":7,"column":304}},{"start":{"line":7,"column":244},"end":{"line":7,"column":304}}],"line":7},"4":{"loc":{"start":{"line":29,"column":8},"end":{"line":59,"column":9}},"type":"if","locations":[{"start":{"line":29,"column":8},"end":{"line":59,"column":9}},{"start":{"line":29,"column":8},"end":{"line":59,"column":9}}],"line":29},"5":{"loc":{"start":{"line":35,"column":10},"end":{"line":37,"column":12}},"type":"cond-expr","locations":[{"start":{"line":35,"column":63},"end":{"line":36,"column":31}},{"start":{"line":37,"column":10},"end":{"line":37,"column":12}}],"line":35},"6":{"loc":{"start":{"line":35,"column":10},"end":{"line":35,"column":60}},"type":"binary-expr","locations":[{"start":{"line":35,"column":10},"end":{"line":35,"column":18}},{"start":{"line":35,"column":22},"end":{"line":35,"column":36}},{"start":{"line":35,"column":40},"end":{"line":35,"column":60}}],"line":35},"7":{"loc":{"start":{"line":39,"column":10},"end":{"line":39,"column":84}},"type":"cond-expr","locations":[{"start":{"line":39,"column":22},"end":{"line":39,"column":76}},{"start":{"line":39,"column":79},"end":{"line":39,"column":84}}],"line":39},"8":{"loc":{"start":{"line":46,"column":18},"end":{"line":46,"column":67}},"type":"cond-expr","locations":[{"start":{"line":46,"column":32},"end":{"line":46,"column":62}},{"start":{"line":46,"column":65},"end":{"line":46,"column":67}}],"line":46},"9":{"loc":{"start":{"line":47,"column":24},"end":{"line":47,"column":54}},"type":"cond-expr","locations":[{"start":{"line":47,"column":40},"end":{"line":47,"column":45}},{"start":{"line":47,"column":48},"end":{"line":47,"column":54}}],"line":47},"10":{"loc":{"start":{"line":48,"column":25},"end":{"line":48,"column":56}},"type":"cond-expr","locations":[{"start":{"line":48,"column":41},"end":{"line":48,"column":47}},{"start":{"line":48,"column":50},"end":{"line":48,"column":56}}],"line":48},"11":{"loc":{"start":{"line":49,"column":10},"end":{"line":51,"column":11}},"type":"if","locations":[{"start":{"line":49,"column":10},"end":{"line":51,"column":11}},{"start":{"line":49,"column":10},"end":{"line":51,"column":11}}],"line":49},"12":{"loc":{"start":{"line":53,"column":10},"end":{"line":53,"column":84}},"type":"cond-expr","locations":[{"start":{"line":53,"column":22},"end":{"line":53,"column":76}},{"start":{"line":53,"column":79},"end":{"line":53,"column":84}}],"line":53},"13":{"loc":{"start":{"line":69,"column":12},"end":{"line":77,"column":123}},"type":"binary-expr","locations":[{"start":{"line":69,"column":12},"end":{"line":69,"column":28}},{"start":{"line":69,"column":32},"end":{"line":69,"column":46}},{"start":{"line":70,"column":12},"end":{"line":77,"column":123}}],"line":69},"14":{"loc":{"start":{"line":71,"column":14},"end":{"line":77,"column":122}},"type":"cond-expr","locations":[{"start":{"line":72,"column":14},"end":{"line":72,"column":52}},{"start":{"line":74,"column":14},"end":{"line":77,"column":122}}],"line":71}},"s":{"0":0,"1":0,"2":0,"3":0,"4":0,"5":0,"6":0,"7":0,"8":0,"9":0,"10":0,"11":0,"12":0,"13":0,"14":0,"15":0,"16":0,"17":0,"18":0,"19":0,"20":0,"21":0,"22":0,"23":0,"24":0,"25":0,"26":0,"27":0,"28":0,"29":0,"30":0,"31":0,"32":0,"33":0,"34":0,"35":0,"36":0,"37":0,"38":0,"39":0,"40":0,"41":0,"42":0,"43":0,"44":0,"45":0,"46":0,"47":0,"48":0,"49":0,"50":0,"51":0,"52":0,"53":0,"54":0,"55":0,"56":0},"f":{"0":0,"1":0,"2":0,"3":0},"b":{"0":[0,0],"1":[0,0],"2":[0,0],"3":[0,0],"4":[0,0],"5":[0,0],"6":[0,0,0],"7":[0,0],"8":[0,0],"9":[0,0],"10":[0,0],"11":[0,0],"12":[0,0],"13":[0,0,0],"14":[0,0]}}
,"/Users/nickm5/Sites/react-image-and-background-image-fade/src/components/BackgroundImage/index.js": {"path":"/Users/nickm5/Sites/react-image-and-background-image-fade/src/components/BackgroundImage/index.js","statementMap":{"0":{"start":{"line":1,"column":13},"end":{"line":1,"column":75}},"1":{"start":{"line":1,"column":98},"end":{"line":1,"column":126}},"2":{"start":{"line":1,"column":151},"end":{"line":1,"column":191}},"3":{"start":{"line":1,"column":230},"end":{"line":1,"column":284}},"4":{"start":{"line":1,"column":285},"end":{"line":3,"column":26}}},"fnMap":{"0":{"name":"_interopRequireDefault","decl":{"start":{"line":1,"column":201},"end":{"line":1,"column":223}},"loc":{"start":{"line":1,"column":229},"end":{"line":1,"column":285}},"line":1}},"branchMap":{"0":{"loc":{"start":{"line":1,"column":237},"end":{"line":1,"column":283}},"type":"cond-expr","locations":[{"start":{"line":1,"column":261},"end":{"line":1,"column":264}},{"start":{"line":1,"column":267},"end":{"line":1,"column":283}}],"line":1},"1":{"loc":{"start":{"line":1,"column":237},"end":{"line":1,"column":258}},"type":"binary-expr","locations":[{"start":{"line":1,"column":237},"end":{"line":1,"column":240}},{"start":{"line":1,"column":244},"end":{"line":1,"column":258}}],"line":1}},"s":{"0":0,"1":0,"2":0,"3":0,"4":0},"f":{"0":0},"b":{"0":[0,0],"1":[0,0]}}
,"/Users/nickm5/Sites/react-image-and-background-image-fade/src/components/BackgroundImage/elements/Wrapper.js": {"path":"/Users/nickm5/Sites/react-image-and-background-image-fade/src/components/BackgroundImage/elements/Wrapper.js","statementMap":{"0":{"start":{"line":1,"column":13},"end":{"line":1,"column":75}},"1":{"start":{"line":1,"column":75},"end":{"line":1,"column":103}},"2":{"start":{"line":1,"column":127},"end":{"line":1,"column":155}},"3":{"start":{"line":1,"column":181},"end":{"line":1,"column":222}},"4":{"start":{"line":1,"column":261},"end":{"line":1,"column":315}},"5":{"start":{"line":3,"column":16},"end":{"line":15,"column":1}},"6":{"start":{"line":4,"column":33},"end":{"line":4,"column":78}},"7":{"start":{"line":6,"column":0},"end":{"line":6,"column":48}},"8":{"start":{"line":8,"column":0},"end":{"line":12,"column":5}},"9":{"start":{"line":15,"column":2},"end":{"line":17,"column":8}}},"fnMap":{"0":{"name":"_interopRequireDefault","decl":{"start":{"line":1,"column":232},"end":{"line":1,"column":254}},"loc":{"start":{"line":1,"column":260},"end":{"line":1,"column":316}},"line":1},"1":{"name":"(anonymous_1)","decl":{"start":{"line":4,"column":4},"end":{"line":4,"column":5}},"loc":{"start":{"line":4,"column":33},"end":{"line":4,"column":78}},"line":4},"2":{"name":"(anonymous_2)","decl":{"start":{"line":5,"column":4},"end":{"line":5,"column":5}},"loc":{"start":{"line":6,"column":0},"end":{"line":6,"column":48}},"line":6},"3":{"name":"(anonymous_3)","decl":{"start":{"line":7,"column":4},"end":{"line":7,"column":5}},"loc":{"start":{"line":8,"column":0},"end":{"line":12,"column":5}},"line":8}},"branchMap":{"0":{"loc":{"start":{"line":1,"column":268},"end":{"line":1,"column":314}},"type":"cond-expr","locations":[{"start":{"line":1,"column":292},"end":{"line":1,"column":295}},{"start":{"line":1,"column":298},"end":{"line":1,"column":314}}],"line":1},"1":{"loc":{"start":{"line":1,"column":268},"end":{"line":1,"column":289}},"type":"binary-expr","locations":[{"start":{"line":1,"column":268},"end":{"line":1,"column":271}},{"start":{"line":1,"column":275},"end":{"line":1,"column":289}}],"line":1},"2":{"loc":{"start":{"line":4,"column":33},"end":{"line":4,"column":78}},"type":"binary-expr","locations":[{"start":{"line":4,"column":33},"end":{"line":4,"column":40}},{"start":{"line":4,"column":44},"end":{"line":4,"column":57}},{"start":{"line":4,"column":61},"end":{"line":4,"column":78}}],"line":4},"3":{"loc":{"start":{"line":6,"column":0},"end":{"line":6,"column":48}},"type":"binary-expr","locations":[{"start":{"line":6,"column":0},"end":{"line":6,"column":8}},{"start":{"line":6,"column":12},"end":{"line":6,"column":25}},{"start":{"line":6,"column":29},"end":{"line":6,"column":48}}],"line":6},"4":{"loc":{"start":{"line":8,"column":0},"end":{"line":12,"column":5}},"type":"binary-expr","locations":[{"start":{"line":8,"column":0},"end":{"line":8,"column":12}},{"start":{"line":9,"column":0},"end":{"line":12,"column":5}}],"line":8}},"s":{"0":0,"1":0,"2":0,"3":0,"4":0,"5":0,"6":0,"7":0,"8":0,"9":0},"f":{"0":0,"1":0,"2":0,"3":0},"b":{"0":[0,0],"1":[0,0],"2":[0,0,0],"3":[0,0,0],"4":[0,0]}}
,"/Users/nickm5/Sites/react-image-and-background-image-fade/src/components/Backgroundimage/BackgroundImage.js": {"path":"/Users/nickm5/Sites/react-image-and-background-image-fade/src/components/Backgroundimage/BackgroundImage.js","statementMap":{"0":{"start":{"line":9,"column":31},"end":{"line":86,"column":1}},"1":{"start":{"line":24,"column":2},"end":{"line":85,"column":16}},"2":{"start":{"line":26,"column":35},"end":{"line":26,"column":71}},"3":{"start":{"line":29,"column":6},"end":{"line":59,"column":7}},"4":{"start":{"line":34,"column":8},"end":{"line":37,"column":17}},"5":{"start":{"line":38,"column":8},"end":{"line":38,"column":36}},"6":{"start":{"line":39,"column":8},"end":{"line":39,"column":76}},"7":{"start":{"line":40,"column":8},"end":{"line":40,"column":63}},"8":{"start":{"line":46,"column":8},"end":{"line":46,"column":54}},"9":{"start":{"line":47,"column":8},"end":{"line":47,"column":53}},"10":{"start":{"line":48,"column":8},"end":{"line":48,"column":55}},"11":{"start":{"line":49,"column":8},"end":{"line":51,"column":9}},"12":{"start":{"line":50,"column":10},"end":{"line":50,"column":69}},"13":{"start":{"line":53,"column":8},"end":{"line":53,"column":76}},"14":{"start":{"line":54,"column":8},"end":{"line":58,"column":10}},"15":{"start":{"line":61,"column":6},"end":{"line":83,"column":8}},"16":{"start":{"line":88,"column":0},"end":{"line":105,"column":2}},"17":{"start":{"line":107,"column":0},"end":{"line":110,"column":2}}},"fnMap":{"0":{"name":"(anonymous_0)","decl":{"start":{"line":9,"column":31},"end":{"line":9,"column":32}},"loc":{"start":{"line":24,"column":2},"end":{"line":85,"column":16}},"line":24},"1":{"name":"(anonymous_1)","decl":{"start":{"line":25,"column":5},"end":{"line":25,"column":6}},"loc":{"start":{"line":25,"column":58},"end":{"line":84,"column":5}},"line":25}},"branchMap":{"0":{"loc":{"start":{"line":29,"column":6},"end":{"line":59,"column":7}},"type":"if","locations":[{"start":{"line":29,"column":6},"end":{"line":59,"column":7}},{"start":{"line":29,"column":6},"end":{"line":59,"column":7}}],"line":29},"1":{"loc":{"start":{"line":35,"column":10},"end":{"line":37,"column":16}},"type":"cond-expr","locations":[{"start":{"line":36,"column":14},"end":{"line":36,"column":41}},{"start":{"line":37,"column":14},"end":{"line":37,"column":16}}],"line":35},"2":{"loc":{"start":{"line":35,"column":10},"end":{"line":35,"column":60}},"type":"binary-expr","locations":[{"start":{"line":35,"column":10},"end":{"line":35,"column":18}},{"start":{"line":35,"column":22},"end":{"line":35,"column":36}},{"start":{"line":35,"column":40},"end":{"line":35,"column":60}}],"line":35},"3":{"loc":{"start":{"line":39,"column":8},"end":{"line":39,"column":75}},"type":"cond-expr","locations":[{"start":{"line":39,"column":21},"end":{"line":39,"column":66}},{"start":{"line":39,"column":70},"end":{"line":39,"column":75}}],"line":39},"4":{"loc":{"start":{"line":46,"column":16},"end":{"line":46,"column":53}},"type":"cond-expr","locations":[{"start":{"line":46,"column":30},"end":{"line":46,"column":48}},{"start":{"line":46,"column":51},"end":{"line":46,"column":53}}],"line":46},"5":{"loc":{"start":{"line":47,"column":22},"end":{"line":47,"column":52}},"type":"cond-expr","locations":[{"start":{"line":47,"column":38},"end":{"line":47,"column":43}},{"start":{"line":47,"column":46},"end":{"line":47,"column":52}}],"line":47},"6":{"loc":{"start":{"line":48,"column":23},"end":{"line":48,"column":54}},"type":"cond-expr","locations":[{"start":{"line":48,"column":39},"end":{"line":48,"column":45}},{"start":{"line":48,"column":48},"end":{"line":48,"column":54}}],"line":48},"7":{"loc":{"start":{"line":49,"column":8},"end":{"line":51,"column":9}},"type":"if","locations":[{"start":{"line":49,"column":8},"end":{"line":51,"column":9}},{"start":{"line":49,"column":8},"end":{"line":51,"column":9}}],"line":49},"8":{"loc":{"start":{"line":53,"column":8},"end":{"line":53,"column":75}},"type":"cond-expr","locations":[{"start":{"line":53,"column":21},"end":{"line":53,"column":66}},{"start":{"line":53,"column":70},"end":{"line":53,"column":75}}],"line":53},"9":{"loc":{"start":{"line":69,"column":11},"end":{"line":81,"column":11}},"type":"binary-expr","locations":[{"start":{"line":69,"column":11},"end":{"line":69,"column":27}},{"start":{"line":69,"column":31},"end":{"line":69,"column":45}},{"start":{"line":70,"column":12},"end":{"line":80,"column":23}}],"line":69},"10":{"loc":{"start":{"line":71,"column":15},"end":{"line":79,"column":15}},"type":"cond-expr","locations":[{"start":{"line":72,"column":16},"end":{"line":72,"column":54}},{"start":{"line":74,"column":16},"end":{"line":78,"column":18}}],"line":71}},"s":{"0":2,"1":9,"2":19,"3":19,"4":4,"5":4,"6":4,"7":4,"8":15,"9":15,"10":15,"11":15,"12":2,"13":15,"14":15,"15":19,"16":2,"17":2},"f":{"0":9,"1":19},"b":{"0":[4,15],"1":[2,2],"2":[4,4,4],"3":[2,2],"4":[0,15],"5":[13,2],"6":[13,2],"7":[2,13],"8":[8,7],"9":[19,18,16],"10":[14,2]},"_coverageSchema":"332fd63041d2c1bcb487cc26dd0d5f7d97098a6c","hash":"041b3f9738e65b2a770634f20eb1888e92bf1107"}
,"/Users/nickm5/Sites/react-image-and-background-image-fade/src/components/Backgroundimage/index.js": {"path":"/Users/nickm5/Sites/react-image-and-background-image-fade/src/components/Backgroundimage/index.js","statementMap":{},"fnMap":{},"branchMap":{},"s":{},"f":{},"b":{},"_coverageSchema":"332fd63041d2c1bcb487cc26dd0d5f7d97098a6c","hash":"6014f04a64077a8181ef3da0d42775b9cc7d29e6"}
,"/Users/nickm5/Sites/react-image-and-background-image-fade/src/components/Backgroundimage/elements/Wrapper.js": {"path":"/Users/nickm5/Sites/react-image-and-background-image-fade/src/components/Backgroundimage/elements/Wrapper.js","statementMap":{"0":{"start":{"line":3,"column":23},"end":{"line":15,"column":1}},"1":{"start":{"line":4,"column":33},"end":{"line":4,"column":78}},"2":{"start":{"line":6,"column":4},"end":{"line":6,"column":52}},"3":{"start":{"line":8,"column":4},"end":{"line":12,"column":5}}},"fnMap":{"0":{"name":"(anonymous_0)","decl":{"start":{"line":4,"column":4},"end":{"line":4,"column":5}},"loc":{"start":{"line":4,"column":33},"end":{"line":4,"column":78}},"line":4},"1":{"name":"(anonymous_1)","decl":{"start":{"line":5,"column":4},"end":{"line":5,"column":5}},"loc":{"start":{"line":6,"column":4},"end":{"line":6,"column":52}},"line":6},"2":{"name":"(anonymous_2)","decl":{"start":{"line":7,"column":4},"end":{"line":7,"column":5}},"loc":{"start":{"line":8,"column":4},"end":{"line":12,"column":5}},"line":8}},"branchMap":{"0":{"loc":{"start":{"line":4,"column":33},"end":{"line":4,"column":78}},"type":"binary-expr","locations":[{"start":{"line":4,"column":33},"end":{"line":4,"column":40}},{"start":{"line":4,"column":44},"end":{"line":4,"column":57}},{"start":{"line":4,"column":61},"end":{"line":4,"column":78}}],"line":4},"1":{"loc":{"start":{"line":6,"column":4},"end":{"line":6,"column":52}},"type":"binary-expr","locations":[{"start":{"line":6,"column":4},"end":{"line":6,"column":12}},{"start":{"line":6,"column":16},"end":{"line":6,"column":29}},{"start":{"line":6,"column":33},"end":{"line":6,"column":52}}],"line":6},"2":{"loc":{"start":{"line":8,"column":4},"end":{"line":12,"column":5}},"type":"binary-expr","locations":[{"start":{"line":8,"column":4},"end":{"line":8,"column":16}},{"start":{"line":9,"column":4},"end":{"line":12,"column":5}}],"line":8}},"s":{"0":2,"1":19,"2":19,"3":19},"f":{"0":19,"1":19,"2":19},"b":{"0":[19,19,17],"1":[19,19,17],"2":[19,2]},"_coverageSchema":"332fd63041d2c1bcb487cc26dd0d5f7d97098a6c","hash":"8a571ec173b6fdbca8018507db78297fae47e19f"}
,"/Users/nickm5/Sites/react-image-and-background-image-fade/src/components/Image/Image.js": {"path":"/Users/nickm5/Sites/react-image-and-background-image-fade/src/components/Image/Image.js","statementMap":{"0":{"start":{"line":10,"column":21},"end":{"line":61,"column":3}},"1":{"start":{"line":27,"column":2},"end":{"line":61,"column":3}},"2":{"start":{"line":43,"column":8},"end":{"line":58,"column":10}},"3":{"start":{"line":63,"column":0},"end":{"line":73,"column":2}},"4":{"start":{"line":75,"column":0},"end":{"line":77,"column":2}}},"fnMap":{"0":{"name":"(anonymous_0)","decl":{"start":{"line":10,"column":21},"end":{"line":10,"column":22}},"loc":{"start":{"line":27,"column":2},"end":{"line":61,"column":3}},"line":27},"1":{"name":"(anonymous_1)","decl":{"start":{"line":42,"column":7},"end":{"line":42,"column":8}},"loc":{"start":{"line":42,"column":60},"end":{"line":59,"column":7}},"line":42}},"branchMap":{"0":{"loc":{"start":{"line":27,"column":2},"end":{"line":61,"column":3}},"type":"cond-expr","locations":[{"start":{"line":28,"column":4},"end":{"line":39,"column":6}},{"start":{"line":41,"column":4},"end":{"line":60,"column":18}}],"line":27},"1":{"loc":{"start":{"line":45,"column":13},"end":{"line":47,"column":13}},"type":"binary-expr","locations":[{"start":{"line":45,"column":13},"end":{"line":45,"column":22}},{"start":{"line":46,"column":14},"end":{"line":46,"column":74}}],"line":45},"2":{"loc":{"start":{"line":48,"column":13},"end":{"line":56,"column":13}},"type":"binary-expr","locations":[{"start":{"line":48,"column":13},"end":{"line":48,"column":29}},{"start":{"line":48,"column":33},"end":{"line":48,"column":47}},{"start":{"line":49,"column":14},"end":{"line":55,"column":25}}],"line":48},"3":{"loc":{"start":{"line":50,"column":17},"end":{"line":54,"column":17}},"type":"cond-expr","locations":[{"start":{"line":51,"column":18},"end":{"line":51,"column":56}},{"start":{"line":53,"column":18},"end":{"line":53,"column":28}}],"line":50}},"s":{"0":1,"1":5,"2":11,"3":1,"4":1},"f":{"0":5,"1":11},"b":{"0":[0,5],"1":[11,6],"2":[11,10,10],"3":[6,4]},"_coverageSchema":"332fd63041d2c1bcb487cc26dd0d5f7d97098a6c","hash":"54afcc64e9dcd148167e7f388a58717a94725288"}
,"/Users/nickm5/Sites/react-image-and-background-image-fade/src/components/Image/index.js": {"path":"/Users/nickm5/Sites/react-image-and-background-image-fade/src/components/Image/index.js","statementMap":{},"fnMap":{},"branchMap":{},"s":{},"f":{},"b":{},"_coverageSchema":"332fd63041d2c1bcb487cc26dd0d5f7d97098a6c","hash":"528cacdf2632311805303965268354b39506956b"}
,"/Users/nickm5/Sites/react-image-and-background-image-fade/src/components/Image/elements/Img.js": {"path":"/Users/nickm5/Sites/react-image-and-background-image-fade/src/components/Image/elements/Img.js","statementMap":{"0":{"start":{"line":4,"column":19},"end":{"line":8,"column":1}},"1":{"start":{"line":7,"column":34},"end":{"line":7,"column":54}}},"fnMap":{"0":{"name":"(anonymous_0)","decl":{"start":{"line":7,"column":25},"end":{"line":7,"column":26}},"loc":{"start":{"line":7,"column":34},"end":{"line":7,"column":54}},"line":7}},"branchMap":{},"s":{"0":1,"1":6},"f":{"0":6},"b":{},"_coverageSchema":"332fd63041d2c1bcb487cc26dd0d5f7d97098a6c","hash":"de2d193a755cc32a6e0d79282df6f8b91f2116e7"}
,"/Users/nickm5/Sites/react-image-and-background-image-fade/src/components/Image/elements/Wrapper.js": {"path":"/Users/nickm5/Sites/react-image-and-background-image-fade/src/components/Image/elements/Wrapper.js","statementMap":{"0":{"start":{"line":3,"column":23},"end":{"line":8,"column":1}},"1":{"start":{"line":4,"column":19},"end":{"line":4,"column":47}},"2":{"start":{"line":5,"column":20},"end":{"line":5,"column":51}}},"fnMap":{"0":{"name":"(anonymous_0)","decl":{"start":{"line":4,"column":4},"end":{"line":4,"column":5}},"loc":{"start":{"line":4,"column":19},"end":{"line":4,"column":47}},"line":4},"1":{"name":"(anonymous_1)","decl":{"start":{"line":5,"column":4},"end":{"line":5,"column":5}},"loc":{"start":{"line":5,"column":20},"end":{"line":5,"column":51}},"line":5}},"branchMap":{"0":{"loc":{"start":{"line":4,"column":19},"end":{"line":4,"column":47}},"type":"binary-expr","locations":[{"start":{"line":4,"column":19},"end":{"line":4,"column":26}},{"start":{"line":4,"column":30},"end":{"line":4,"column":47}}],"line":4},"1":{"loc":{"start":{"line":5,"column":20},"end":{"line":5,"column":51}},"type":"binary-expr","locations":[{"start":{"line":5,"column":20},"end":{"line":5,"column":28}},{"start":{"line":5,"column":32},"end":{"line":5,"column":51}}],"line":5}},"s":{"0":1,"1":11,"2":11},"f":{"0":11,"1":11},"b":{"0":[11,11],"1":[11,11]},"_coverageSchema":"332fd63041d2c1bcb487cc26dd0d5f7d97098a6c","hash":"026785b523fda0c4c3f0ab602c149408f7702e43"}
,"/Users/nickm5/Sites/react-image-and-background-image-fade/src/components/ImageLoader/ImageLoader.js": {"path":"/Users/nickm5/Sites/react-image-and-background-image-fade/src/components/ImageLoader/ImageLoader.js","statementMap":{"0":{"start":{"line":28,"column":4},"end":{"line":30,"column":5}},"1":{"start":{"line":29,"column":6},"end":{"line":29,"column":26}},"2":{"start":{"line":34,"column":4},"end":{"line":40,"column":5}},"3":{"start":{"line":35,"column":6},"end":{"line":39,"column":7}},"4":{"start":{"line":36,"column":8},"end":{"line":36,"column":28}},"5":{"start":{"line":38,"column":8},"end":{"line":38,"column":58}},"6":{"start":{"line":44,"column":40},"end":{"line":44,"column":50}},"7":{"start":{"line":50,"column":8},"end":{"line":50,"column":18}},"8":{"start":{"line":57,"column":25},"end":{"line":62,"column":6}},"9":{"start":{"line":67,"column":4},"end":{"line":77,"column":6}},"10":{"start":{"line":81,"column":20},"end":{"line":81,"column":30}},"11":{"start":{"line":82,"column":4},"end":{"line":85,"column":43}},"12":{"start":{"line":97,"column":31},"end":{"line":97,"column":41}},"13":{"start":{"line":98,"column":28},"end":{"line":98,"column":55}},"14":{"start":{"line":99,"column":4},"end":{"line":105,"column":7}},"15":{"start":{"line":100,"column":6},"end":{"line":104,"column":26}},"16":{"start":{"line":101,"column":8},"end":{"line":103,"column":11}},"17":{"start":{"line":109,"column":4},"end":{"line":109,"column":39}},"18":{"start":{"line":113,"column":4},"end":{"line":113,"column":27}},"19":{"start":{"line":113,"column":20},"end":{"line":113,"column":27}},"20":{"start":{"line":114,"column":4},"end":{"line":114,"column":55}},"21":{"start":{"line":115,"column":4},"end":{"line":115,"column":24}},"22":{"start":{"line":119,"column":0},"end":{"line":121,"column":2}}},"fnMap":{"0":{"name":"(anonymous_0)","decl":{"start":{"line":27,"column":2},"end":{"line":27,"column":3}},"loc":{"start":{"line":27,"column":22},"end":{"line":31,"column":3}},"line":27},"1":{"name":"(anonymous_1)","decl":{"start":{"line":33,"column":2},"end":{"line":33,"column":3}},"loc":{"start":{"line":33,"column":32},"end":{"line":41,"column":3}},"line":33},"2":{"name":"(anonymous_2)","decl":{"start":{"line":43,"column":2},"end":{"line":43,"column":3}},"loc":{"start":{"line":43,"column":11},"end":{"line":78,"column":3}},"line":43},"3":{"name":"(anonymous_3)","decl":{"start":{"line":80,"column":2},"end":{"line":80,"column":3}},"loc":{"start":{"line":80,"column":17},"end":{"line":86,"column":3}},"line":80},"4":{"name":"(anonymous_4)","decl":{"start":{"line":96,"column":28},"end":{"line":96,"column":29}},"loc":{"start":{"line":96,"column":34},"end":{"line":106,"column":3}},"line":96},"5":{"name":"(anonymous_5)","decl":{"start":{"line":99,"column":39},"end":{"line":99,"column":40}},"loc":{"start":{"line":99,"column":45},"end":{"line":105,"column":5}},"line":99},"6":{"name":"(anonymous_6)","decl":{"start":{"line":100,"column":17},"end":{"line":100,"column":18}},"loc":{"start":{"line":100,"column":23},"end":{"line":104,"column":7}},"line":100},"7":{"name":"(anonymous_7)","decl":{"start":{"line":108,"column":28},"end":{"line":108,"column":29}},"loc":{"start":{"line":108,"column":34},"end":{"line":110,"column":3}},"line":108},"8":{"name":"(anonymous_8)","decl":{"start":{"line":112,"column":27},"end":{"line":112,"column":28}},"loc":{"start":{"line":112,"column":40},"end":{"line":116,"column":3}},"line":112}},"branchMap":{"0":{"loc":{"start":{"line":28,"column":4},"end":{"line":30,"column":5}},"type":"if","locations":[{"start":{"line":28,"column":4},"end":{"line":30,"column":5}},{"start":{"line":28,"column":4},"end":{"line":30,"column":5}}],"line":28},"1":{"loc":{"start":{"line":34,"column":4},"end":{"line":40,"column":5}},"type":"if","locations":[{"start":{"line":34,"column":4},"end":{"line":40,"column":5}},{"start":{"line":34,"column":4},"end":{"line":40,"column":5}}],"line":34},"2":{"loc":{"start":{"line":35,"column":6},"end":{"line":39,"column":7}},"type":"if","locations":[{"start":{"line":35,"column":6},"end":{"line":39,"column":7}},{"start":{"line":35,"column":6},"end":{"line":39,"column":7}}],"line":35},"3":{"loc":{"start":{"line":67,"column":11},"end":{"line":77,"column":5}},"type":"cond-expr","locations":[{"start":{"line":68,"column":6},"end":{"line":74,"column":25}},{"start":{"line":76,"column":6},"end":{"line":76,"column":18}}],"line":67},"4":{"loc":{"start":{"line":113,"column":4},"end":{"line":113,"column":27}},"type":"if","locations":[{"start":{"line":113,"column":4},"end":{"line":113,"column":27}},{"start":{"line":113,"column":4},"end":{"line":113,"column":27}}],"line":113}},"s":{"0":21,"1":21,"2":26,"3":1,"4":1,"5":0,"6":47,"7":47,"8":47,"9":47,"10":22,"11":22,"12":21,"13":21,"14":21,"15":21,"16":3,"17":1,"18":0,"19":0,"20":0,"21":0,"22":3},"f":{"0":21,"1":26,"2":47,"3":22,"4":21,"5":21,"6":3,"7":1,"8":0},"b":{"0":[21,0],"1":[1,25],"2":[1,0],"3":[0,47],"4":[0,0]},"_coverageSchema":"332fd63041d2c1bcb487cc26dd0d5f7d97098a6c","hash":"ef0cf80adb6030346ca3112b306a5255aa1bd443"}
,"/Users/nickm5/Sites/react-image-and-background-image-fade/src/components/ImageLoader/index.js": {"path":"/Users/nickm5/Sites/react-image-and-background-image-fade/src/components/ImageLoader/index.js","statementMap":{},"fnMap":{},"branchMap":{},"s":{},"f":{},"b":{},"_coverageSchema":"332fd63041d2c1bcb487cc26dd0d5f7d97098a6c","hash":"a2f807a55947e6a43a2c55cc5aec5c0122a3bcdc"}
,"/Users/nickm5/Sites/react-image-and-background-image-fade/src/components/Loader/Loader.js": {"path":"/Users/nickm5/Sites/react-image-and-background-image-fade/src/components/Loader/Loader.js","statementMap":{"0":{"start":{"line":6,"column":22},"end":{"line":12,"column":1}},"1":{"start":{"line":7,"column":2},"end":{"line":11,"column":4}},"2":{"start":{"line":14,"column":0},"end":{"line":18,"column":2}},"3":{"start":{"line":20,"column":0},"end":{"line":22,"column":2}}},"fnMap":{"0":{"name":"(anonymous_0)","decl":{"start":{"line":6,"column":22},"end":{"line":6,"column":23}},"loc":{"start":{"line":7,"column":2},"end":{"line":11,"column":4}},"line":7}},"branchMap":{},"s":{"0":2,"1":6,"2":2,"3":2},"f":{"0":6},"b":{},"_coverageSchema":"332fd63041d2c1bcb487cc26dd0d5f7d97098a6c","hash":"3d745240dc54ff225ea39e35b96e1c2bcfa655b9"}
,"/Users/nickm5/Sites/react-image-and-background-image-fade/src/components/Loader/index.js": {"path":"/Users/nickm5/Sites/react-image-and-background-image-fade/src/components/Loader/index.js","statementMap":{},"fnMap":{},"branchMap":{},"s":{},"f":{},"b":{},"_coverageSchema":"332fd63041d2c1bcb487cc26dd0d5f7d97098a6c","hash":"2942cb62bd85ced3d7c8fdd0ed12d18e7697aae3"}
,"/Users/nickm5/Sites/react-image-and-background-image-fade/src/components/Loader/elements/Wrapper.js": {"path":"/Users/nickm5/Sites/react-image-and-background-image-fade/src/components/Loader/elements/Wrapper.js","statementMap":{"0":{"start":{"line":4,"column":23},"end":{"line":34,"column":1}},"1":{"start":{"line":11,"column":23},"end":{"line":11,"column":46}},"2":{"start":{"line":12,"column":23},"end":{"line":12,"column":68}},"3":{"start":{"line":13,"column":33},"end":{"line":13,"column":53}}},"fnMap":{"0":{"name":"(anonymous_0)","decl":{"start":{"line":11,"column":13},"end":{"line":11,"column":14}},"loc":{"start":{"line":11,"column":23},"end":{"line":11,"column":46}},"line":11},"1":{"name":"(anonymous_1)","decl":{"start":{"line":12,"column":13},"end":{"line":12,"column":14}},"loc":{"start":{"line":12,"column":23},"end":{"line":12,"column":68}},"line":12},"2":{"name":"(anonymous_2)","decl":{"start":{"line":13,"column":24},"end":{"line":13,"column":25}},"loc":{"start":{"line":13,"column":33},"end":{"line":13,"column":53}},"line":13}},"branchMap":{"0":{"loc":{"start":{"line":11,"column":23},"end":{"line":11,"column":46}},"type":"cond-expr","locations":[{"start":{"line":11,"column":39},"end":{"line":11,"column":41}},{"start":{"line":11,"column":44},"end":{"line":11,"column":46}}],"line":11},"1":{"loc":{"start":{"line":12,"column":23},"end":{"line":12,"column":68}},"type":"cond-expr","locations":[{"start":{"line":12,"column":40},"end":{"line":12,"column":63}},{"start":{"line":12,"column":67},"end":{"line":12,"column":68}}],"line":12},"2":{"loc":{"start":{"line":12,"column":40},"end":{"line":12,"column":63}},"type":"cond-expr","locations":[{"start":{"line":12,"column":58},"end":{"line":12,"column":59}},{"start":{"line":12,"column":62},"end":{"line":12,"column":63}}],"line":12}},"s":{"0":2,"1":6,"2":6,"3":6},"f":{"0":6,"1":6,"2":6},"b":{"0":[2,4],"1":[2,4],"2":[1,1]},"_coverageSchema":"332fd63041d2c1bcb487cc26dd0d5f7d97098a6c","hash":"3e52786e8e63cc395b8ab7cb7cb85dc343bbef62"}
,"/Users/nickm5/Sites/react-image-and-background-image-fade/src/tests/util/index.js": {"path":"/Users/nickm5/Sites/react-image-and-background-image-fade/src/tests/util/index.js","statementMap":{"0":{"start":{"line":1,"column":29},"end":{"line":3,"column":1}},"1":{"start":{"line":2,"column":2},"end":{"line":2,"column":55}},"2":{"start":{"line":2,"column":32},"end":{"line":2,"column":53}}},"fnMap":{"0":{"name":"(anonymous_0)","decl":{"start":{"line":1,"column":29},"end":{"line":1,"column":30}},"loc":{"start":{"line":1,"column":35},"end":{"line":3,"column":1}},"line":1},"1":{"name":"(anonymous_1)","decl":{"start":{"line":2,"column":21},"end":{"line":2,"column":22}},"loc":{"start":{"line":2,"column":32},"end":{"line":2,"column":53}},"line":2}},"branchMap":{},"s":{"0":3,"1":11,"2":11},"f":{"0":11,"1":11},"b":{},"_coverageSchema":"332fd63041d2c1bcb487cc26dd0d5f7d97098a6c","hash":"734ac6bbece9ee92a18caf1f33d88025efbcbefd"}
}
