TN:
SF:/Users/nickm5/Sites/react-image-and-background-image-fade/src/defaults.js
FNF:0
FNH:0
DA:1,3
LF:1
LH:1
BRF:0
BRH:0
end_of_record
TN:
SF:/Users/nickm5/Sites/react-image-and-background-image-fade/src/index.js
FN:3,_interopRequireDefault
FNF:1
FNH:0
FNDA:0,_interopRequireDefault
DA:1,0
DA:2,0
DA:3,0
DA:5,0
LF:4
LH:0
BRDA:3,0,0,0
BRDA:3,0,1,0
BRDA:3,1,0,0
BRDA:3,1,1,0
BRF:4
BRH:0
end_of_record
TN:
SF:/Users/nickm5/Sites/react-image-and-background-image-fade/src/keyframes.js
FNF:0
FNH:0
DA:3,2
DA:13,2
LF:2
LH:2
BRF:0
BRH:0
end_of_record
TN:
SF:/Users/nickm5/Sites/react-image-and-background-image-fade/src/setupTests.js
FNF:0
FNH:0
DA:4,3
LF:1
LH:1
BRF:0
BRH:0
end_of_record
TN:
SF:/Users/nickm5/Sites/react-image-and-background-image-fade/src/util.js
FN:1,(anonymous_0)
FN:25,(anonymous_1)
FNF:2
FNH:2
FNDA:21,(anonymous_0)
FNDA:2,(anonymous_1)
DA:1,3
DA:2,21
DA:3,21
DA:6,21
DA:7,21
DA:10,21
DA:12,21
DA:13,21
DA:15,0
DA:16,0
DA:18,0
DA:19,0
DA:22,21
DA:25,3
DA:26,2
DA:27,2
DA:28,2
DA:29,2
LF:18
LH:14
BRDA:6,0,0,21
BRDA:6,0,1,0
BRDA:10,1,0,21
BRDA:10,1,1,0
BRDA:10,1,2,0
BRF:5
BRH:2
end_of_record
TN:
SF:/Users/nickm5/Sites/react-image-and-background-image-fade/src/components/BackgroundImage/BackgroundImage.js
FN:7,_interopRequireDefault
FN:7,_objectWithoutProperties
FN:9,(anonymous_2)
FN:25,(anonymous_3)
FNF:4
FNH:0
FNDA:0,_interopRequireDefault
FNDA:0,_objectWithoutProperties
FNDA:0,(anonymous_2)
FNDA:0,(anonymous_3)
DA:1,0
DA:2,0
DA:3,0
DA:4,0
DA:5,0
DA:6,0
DA:7,0
DA:9,0
DA:10,0
DA:11,0
DA:12,0
DA:13,0
DA:14,0
DA:15,0
DA:16,0
DA:17,0
DA:18,0
DA:19,0
DA:20,0
DA:21,0
DA:22,0
DA:26,0
DA:29,0
DA:34,0
DA:38,0
DA:39,0
DA:40,0
DA:46,0
DA:47,0
DA:48,0
DA:49,0
DA:50,0
DA:53,0
DA:54,0
DA:61,0
DA:84,0
DA:88,0
DA:107,0
DA:109,0
LF:39
LH:0
BRDA:7,0,0,0
BRDA:7,0,1,0
BRDA:7,1,0,0
BRDA:7,1,1,0
BRDA:7,2,0,0
BRDA:7,2,1,0
BRDA:7,3,0,0
BRDA:7,3,1,0
BRDA:29,4,0,0
BRDA:29,4,1,0
BRDA:35,5,0,0
BRDA:35,5,1,0
BRDA:35,6,0,0
BRDA:35,6,1,0
BRDA:35,6,2,0
BRDA:39,7,0,0
BRDA:39,7,1,0
BRDA:46,8,0,0
BRDA:46,8,1,0
BRDA:47,9,0,0
BRDA:47,9,1,0
BRDA:48,10,0,0
BRDA:48,10,1,0
BRDA:49,11,0,0
BRDA:49,11,1,0
BRDA:53,12,0,0
BRDA:53,12,1,0
BRDA:69,13,0,0
BRDA:69,13,1,0
BRDA:69,13,2,0
BRDA:71,14,0,0
BRDA:71,14,1,0
BRF:32
BRH:0
end_of_record
TN:
SF:/Users/nickm5/Sites/react-image-and-background-image-fade/src/components/BackgroundImage/index.js
FN:1,_interopRequireDefault
FNF:1
FNH:0
FNDA:0,_interopRequireDefault
DA:1,0
LF:1
LH:0
BRDA:1,0,0,0
BRDA:1,0,1,0
BRDA:1,1,0,0
BRDA:1,1,1,0
BRF:4
BRH:0
end_of_record
TN:
SF:/Users/nickm5/Sites/react-image-and-background-image-fade/src/components/BackgroundImage/elements/Wrapper.js
FN:1,_interopRequireDefault
FN:4,(anonymous_1)
FN:5,(anonymous_2)
FN:7,(anonymous_3)
FNF:4
FNH:0
FNDA:0,_interopRequireDefault
FNDA:0,(anonymous_1)
FNDA:0,(anonymous_2)
FNDA:0,(anonymous_3)
DA:1,0
DA:3,0
DA:4,0
DA:6,0
DA:8,0
DA:15,0
LF:6
LH:0
BRDA:1,0,0,0
BRDA:1,0,1,0
BRDA:1,1,0,0
BRDA:1,1,1,0
BRDA:4,2,0,0
BRDA:4,2,1,0
BRDA:4,2,2,0
BRDA:6,3,0,0
BRDA:6,3,1,0
BRDA:6,3,2,0
BRDA:8,4,0,0
BRDA:8,4,1,0
BRF:12
BRH:0
end_of_record
TN:
SF:/Users/nickm5/Sites/react-image-and-background-image-fade/src/components/Backgroundimage/BackgroundImage.js
FN:9,(anonymous_0)
FN:25,(anonymous_1)
FNF:2
FNH:2
FNDA:9,(anonymous_0)
FNDA:19,(anonymous_1)
DA:9,2
DA:24,9
DA:26,19
DA:29,19
DA:34,4
DA:38,4
DA:39,4
DA:40,4
DA:46,15
DA:47,15
DA:48,15
DA:49,15
DA:50,2
DA:53,15
DA:54,15
DA:61,19
DA:88,2
DA:107,2
LF:18
LH:18
BRDA:29,0,0,4
BRDA:29,0,1,15
BRDA:35,1,0,2
BRDA:35,1,1,2
BRDA:35,2,0,4
BRDA:35,2,1,4
BRDA:35,2,2,4
BRDA:39,3,0,2
BRDA:39,3,1,2
BRDA:46,4,0,0
BRDA:46,4,1,15
BRDA:47,5,0,13
BRDA:47,5,1,2
BRDA:48,6,0,13
BRDA:48,6,1,2
BRDA:49,7,0,2
BRDA:49,7,1,13
BRDA:53,8,0,8
BRDA:53,8,1,7
BRDA:69,9,0,19
BRDA:69,9,1,18
BRDA:69,9,2,16
BRDA:71,10,0,14
BRDA:71,10,1,2
BRF:24
BRH:23
end_of_record
TN:
SF:/Users/nickm5/Sites/react-image-and-background-image-fade/src/components/Backgroundimage/index.js
FNF:0
FNH:0
LF:0
LH:0
BRF:0
BRH:0
end_of_record
TN:
SF:/Users/nickm5/Sites/react-image-and-background-image-fade/src/components/Backgroundimage/elements/Wrapper.js
FN:4,(anonymous_0)
FN:5,(anonymous_1)
FN:7,(anonymous_2)
FNF:3
FNH:3
FNDA:19,(anonymous_0)
FNDA:19,(anonymous_1)
FNDA:19,(anonymous_2)
DA:3,2
DA:4,19
DA:6,19
DA:8,19
LF:4
LH:4
BRDA:4,0,0,19
BRDA:4,0,1,19
BRDA:4,0,2,17
BRDA:6,1,0,19
BRDA:6,1,1,19
BRDA:6,1,2,17
BRDA:8,2,0,19
BRDA:8,2,1,2
BRF:8
BRH:8
end_of_record
TN:
SF:/Users/nickm5/Sites/react-image-and-background-image-fade/src/components/Image/Image.js
FN:10,(anonymous_0)
FN:42,(anonymous_1)
FNF:2
FNH:2
FNDA:5,(anonymous_0)
FNDA:11,(anonymous_1)
DA:10,1
DA:27,5
DA:43,11
DA:63,1
DA:75,1
LF:5
LH:5
BRDA:27,0,0,0
BRDA:27,0,1,5
BRDA:45,1,0,11
BRDA:45,1,1,6
BRDA:48,2,0,11
BRDA:48,2,1,10
BRDA:48,2,2,10
BRDA:50,3,0,6
BRDA:50,3,1,4
BRF:9
BRH:8
end_of_record
TN:
SF:/Users/nickm5/Sites/react-image-and-background-image-fade/src/components/Image/index.js
FNF:0
FNH:0
LF:0
LH:0
BRF:0
BRH:0
end_of_record
TN:
SF:/Users/nickm5/Sites/react-image-and-background-image-fade/src/components/Image/elements/Img.js
FN:7,(anonymous_0)
FNF:1
FNH:1
FNDA:6,(anonymous_0)
DA:4,1
DA:7,6
LF:2
LH:2
BRF:0
BRH:0
end_of_record
TN:
SF:/Users/nickm5/Sites/react-image-and-background-image-fade/src/components/Image/elements/Wrapper.js
FN:4,(anonymous_0)
FN:5,(anonymous_1)
FNF:2
FNH:2
FNDA:11,(anonymous_0)
FNDA:11,(anonymous_1)
DA:3,1
DA:4,11
DA:5,11
LF:3
LH:3
BRDA:4,0,0,11
BRDA:4,0,1,11
BRDA:5,1,0,11
BRDA:5,1,1,11
BRF:4
BRH:4
end_of_record
TN:
SF:/Users/nickm5/Sites/react-image-and-background-image-fade/src/components/ImageLoader/ImageLoader.js
FN:27,(anonymous_0)
FN:33,(anonymous_1)
FN:43,(anonymous_2)
FN:80,(anonymous_3)
FN:96,(anonymous_4)
FN:99,(anonymous_5)
FN:100,(anonymous_6)
FN:108,(anonymous_7)
FN:112,(anonymous_8)
FNF:9
FNH:8
FNDA:21,(anonymous_0)
FNDA:26,(anonymous_1)
FNDA:47,(anonymous_2)
FNDA:22,(anonymous_3)
FNDA:21,(anonymous_4)
FNDA:21,(anonymous_5)
FNDA:3,(anonymous_6)
FNDA:1,(anonymous_7)
FNDA:0,(anonymous_8)
DA:28,21
DA:29,21
DA:34,26
DA:35,1
DA:36,1
DA:38,0
DA:44,47
DA:50,47
DA:57,47
DA:67,47
DA:81,22
DA:82,22
DA:97,21
DA:98,21
DA:99,21
DA:100,21
DA:101,3
DA:109,1
DA:113,0
DA:114,0
DA:115,0
DA:119,3
LF:22
LH:18
BRDA:28,0,0,21
BRDA:28,0,1,0
BRDA:34,1,0,1
BRDA:34,1,1,25
BRDA:35,2,0,1
BRDA:35,2,1,0
BRDA:67,3,0,0
BRDA:67,3,1,47
BRDA:113,4,0,0
BRDA:113,4,1,0
BRF:10
BRH:5
end_of_record
TN:
SF:/Users/nickm5/Sites/react-image-and-background-image-fade/src/components/ImageLoader/index.js
FNF:0
FNH:0
LF:0
LH:0
BRF:0
BRH:0
end_of_record
TN:
SF:/Users/nickm5/Sites/react-image-and-background-image-fade/src/components/Loader/Loader.js
FN:6,(anonymous_0)
FNF:1
FNH:1
FNDA:6,(anonymous_0)
DA:6,2
DA:7,6
DA:14,2
DA:20,2
LF:4
LH:4
BRF:0
BRH:0
end_of_record
TN:
SF:/Users/nickm5/Sites/react-image-and-background-image-fade/src/components/Loader/index.js
FNF:0
FNH:0
LF:0
LH:0
BRF:0
BRH:0
end_of_record
TN:
SF:/Users/nickm5/Sites/react-image-and-background-image-fade/src/components/Loader/elements/Wrapper.js
FN:11,(anonymous_0)
FN:12,(anonymous_1)
FN:13,(anonymous_2)
FNF:3
FNH:3
FNDA:6,(anonymous_0)
FNDA:6,(anonymous_1)
FNDA:6,(anonymous_2)
DA:4,2
DA:11,6
DA:12,6
DA:13,6
LF:4
LH:4
BRDA:11,0,0,2
BRDA:11,0,1,4
BRDA:12,1,0,2
BRDA:12,1,1,4
BRDA:12,2,0,1
BRDA:12,2,1,1
BRF:6
BRH:6
end_of_record
TN:
SF:/Users/nickm5/Sites/react-image-and-background-image-fade/src/tests/util/index.js
FN:1,(anonymous_0)
FN:2,(anonymous_1)
FNF:2
FNH:2
FNDA:11,(anonymous_0)
FNDA:11,(anonymous_1)
DA:1,3
DA:2,11
LF:2
LH:2
BRF:0
BRH:0
end_of_record
